<?xml version="1.0" encoding="UTF-8"?>
<!-- Generated by org.testng.reporters.JUnitReportReporter -->
<testsuite skipped="0" hostname="SRA1-PC" name="org.nyiso.helpers.BaseTest" tests="1" failures="0" timestamp="2020-05-26T10:52:11 EDT" time="0.006" errors="0">
  <testcase name="test" time="0.006" classname="org.nyiso.helpers.BaseTest"/>
  <system-out/>
</testsuite> <!-- org.nyiso.helpers.BaseTest -->
