<?xml version="1.0" encoding="UTF-8"?>
<!-- Generated by org.testng.reporters.JUnitReportReporter -->
<testsuite skipped="0" hostname="SRA1-PC" name="org.nyiso.tests.MortgageCalculator" tests="4" failures="0" timestamp="2020-05-28T15:46:50 EDT" time="11.140" errors="0">
  <testcase name="TC1_calculateMortgageWithIntegerValues" time="3.044" classname="org.nyiso.tests.MortgageCalculator"/>
  <system-out/>
  <testcase name="TC3_calculateMortgageWithZeroMortgageAmount" time="2.239" classname="org.nyiso.tests.MortgageCalculator"/>
  <system-out/>
  <testcase name="TC4_calculateMortgageWithZeroInterestRate" time="2.621" classname="org.nyiso.tests.MortgageCalculator"/>
  <system-out/>
  <testcase name="TC2_calculateMortgageWithDoubleValues" time="3.236" classname="org.nyiso.tests.MortgageCalculator"/>
  <system-out/>
</testsuite> <!-- org.nyiso.tests.MortgageCalculator -->
