<?xml version="1.0" encoding="UTF-8"?>
<!-- Generated by org.testng.reporters.JUnitReportReporter -->
<testsuite skipped="0" hostname="SRA1-PC" name="org.nyiso.tests.MortgageCalculator" tests="4" failures="0" timestamp="29 May 2020 01:58:44 GMT" time="21.109" errors="0">
  <testcase name="TC2_calculateMortgageWithDoubleValues" time="6.699" classname="org.nyiso.tests.MortgageCalculator"/>
  <testcase name="TC3_calculateMortgageWithZeroMortgageAmount" time="4.892" classname="org.nyiso.tests.MortgageCalculator"/>
  <testcase name="TC1_calculateMortgageWithIntegerValues" time="5.820" classname="org.nyiso.tests.MortgageCalculator"/>
  <testcase name="TC4_calculateMortgageWithZeroInterestRate" time="3.698" classname="org.nyiso.tests.MortgageCalculator"/>
</testsuite> <!-- org.nyiso.tests.MortgageCalculator -->
